<?xml version="1.0" encoding="UTF-8"?>
<testng-results ignored="0" total="1" passed="1" failed="0" skipped="0">
  <reporter-output>
  </reporter-output>
  <suite started-at="2021-09-04T01:21:12 EDT" name="Default suite" finished-at="2021-09-04T01:21:12 EDT" duration-ms="91">
    <groups>
    </groups>
    <test started-at="2021-09-04T01:21:12 EDT" name="Default test" finished-at="2021-09-04T01:21:12 EDT" duration-ms="91">
      <class name="collect.MapPractice">
        <test-method signature="countEachCharacter()[pri:0, instance:collect.MapPractice@28c0b664]" started-at="2021-09-04T01:21:12 EDT" name="countEachCharacter" finished-at="2021-09-04T01:21:12 EDT" duration-ms="17" status="PASS">
          <reporter-output>
          </reporter-output>
        </test-method> <!-- countEachCharacter -->
      </class> <!-- collect.MapPractice -->
    </test> <!-- Default test -->
  </suite> <!-- Default suite -->
</testng-results>
